2019-11-12T09:22:14+00:00 CRITICAL Maximum execution time of 30 seconds exceeded in C:\xampp\htdocs\bio-ju\wp-includes\Requests\Transport\cURL.php on line 163

2019-11-12T10:19:18+00:00 CRITICAL Maximum execution time of 30 seconds exceeded in C:\xampp\htdocs\bio-ju\wp-content\plugins\woocommerce\includes\admin\class-wc-admin-exporters.php on line 9

2019-11-12T15:03:58+00:00 CRITICAL Maximum execution time of 30 seconds exceeded in C:\xampp\htdocs\bio-ju\wp-includes\widgets\class-wp-widget-archives.php on line 17

2019-11-12T15:03:59+00:00 CRITICAL Maximum execution time of 30 seconds exceeded in C:\xampp\htdocs\bio-ju\wp-includes\widgets\class-wp-widget-meta.php on line 19

2019-11-12T15:03:59+00:00 CRITICAL Maximum execution time of 30 seconds exceeded in C:\xampp\htdocs\bio-ju\wp-includes\widgets\class-wp-widget-meta.php on line 19

2019-11-12T15:12:54+00:00 CRITICAL Maximum execution time of 30 seconds exceeded in C:\xampp\htdocs\bio-ju\wp-includes\Requests\Transport\cURL.php on line 163

2019-11-12T15:31:01+00:00 CRITICAL Uncaught Error: Call to a member function get_id() on null in C:\xampp\htdocs\bio-ju\wp-content\themes\bio-ju\header.php:78
Stack trace:
#0 C:\xampp\htdocs\bio-ju\wp-includes\template.php(722): require_once()
#1 C:\xampp\htdocs\bio-ju\wp-includes\template.php(671): load_template('C:\\xampp\\htdocs...', true)
#2 C:\xampp\htdocs\bio-ju\wp-includes\general-template.php(41): locate_template(Array, true)
#3 C:\xampp\htdocs\bio-ju\wp-content\themes\bio-ju\front-page.php(1): get_header()
#4 C:\xampp\htdocs\bio-ju\wp-includes\template-loader.php(78): include('C:\\xampp\\htdocs...')
#5 C:\xampp\htdocs\bio-ju\wp-blog-header.php(19): require_once('C:\\xampp\\htdocs...')
#6 C:\xampp\htdocs\bio-ju\index.php(17): require('C:\\xampp\\htdocs...')
#7 {main}
  thrown in C:\xampp\htdocs\bio-ju\wp-content\themes\bio-ju\header.php on line 78

2019-11-12T15:31:01+00:00 CRITICAL Uncaught Error: Call to a member function get_id() on null in C:\xampp\htdocs\bio-ju\wp-content\themes\bio-ju\header.php:78
Stack trace:
#0 C:\xampp\htdocs\bio-ju\wp-includes\template.php(722): require_once()
#1 C:\xampp\htdocs\bio-ju\wp-includes\template.php(671): load_template('C:\\xampp\\htdocs...', true)
#2 C:\xampp\htdocs\bio-ju\wp-includes\general-template.php(41): locate_template(Array, true)
#3 C:\xampp\htdocs\bio-ju\wp-content\themes\bio-ju\page-rreth-nesh.php(2): get_header()
#4 C:\xampp\htdocs\bio-ju\wp-includes\template-loader.php(78): include('C:\\xampp\\htdocs...')
#5 C:\xampp\htdocs\bio-ju\wp-blog-header.php(19): require_once('C:\\xampp\\htdocs...')
#6 C:\xampp\htdocs\bio-ju\index.php(17): require('C:\\xampp\\htdocs...')
#7 {main}
  thrown in C:\xampp\htdocs\bio-ju\wp-content\themes\bio-ju\header.php on line 78

2019-11-12T15:31:22+00:00 CRITICAL syntax error, unexpected '}', expecting end of file in C:\xampp\htdocs\bio-ju\wp-content\themes\bio-ju\header.php on line 94

2019-11-12T15:31:22+00:00 CRITICAL syntax error, unexpected '}', expecting end of file in C:\xampp\htdocs\bio-ju\wp-content\themes\bio-ju\header.php on line 94

2019-11-12T15:32:44+00:00 CRITICAL Uncaught Error: Call to a member function get_categories() on null in C:\xampp\htdocs\bio-ju\wp-content\themes\bio-ju\header.php:79
Stack trace:
#0 C:\xampp\htdocs\bio-ju\wp-includes\template.php(722): require_once()
#1 C:\xampp\htdocs\bio-ju\wp-includes\template.php(671): load_template('C:\\xampp\\htdocs...', true)
#2 C:\xampp\htdocs\bio-ju\wp-includes\general-template.php(41): locate_template(Array, true)
#3 C:\xampp\htdocs\bio-ju\wp-content\themes\bio-ju\page-rreth-nesh.php(2): get_header()
#4 C:\xampp\htdocs\bio-ju\wp-includes\template-loader.php(78): include('C:\\xampp\\htdocs...')
#5 C:\xampp\htdocs\bio-ju\wp-blog-header.php(19): require_once('C:\\xampp\\htdocs...')
#6 C:\xampp\htdocs\bio-ju\index.php(17): require('C:\\xampp\\htdocs...')
#7 {main}
  thrown in C:\xampp\htdocs\bio-ju\wp-content\themes\bio-ju\header.php on line 79

2019-11-12T15:32:45+00:00 CRITICAL Uncaught Error: Call to a member function get_categories() on null in C:\xampp\htdocs\bio-ju\wp-content\themes\bio-ju\header.php:79
Stack trace:
#0 C:\xampp\htdocs\bio-ju\wp-includes\template.php(722): require_once()
#1 C:\xampp\htdocs\bio-ju\wp-includes\template.php(671): load_template('C:\\xampp\\htdocs...', true)
#2 C:\xampp\htdocs\bio-ju\wp-includes\general-template.php(41): locate_template(Array, true)
#3 C:\xampp\htdocs\bio-ju\wp-content\themes\bio-ju\front-page.php(1): get_header()
#4 C:\xampp\htdocs\bio-ju\wp-includes\template-loader.php(78): include('C:\\xampp\\htdocs...')
#5 C:\xampp\htdocs\bio-ju\wp-blog-header.php(19): require_once('C:\\xampp\\htdocs...')
#6 C:\xampp\htdocs\bio-ju\index.php(17): require('C:\\xampp\\htdocs...')
#7 {main}
  thrown in C:\xampp\htdocs\bio-ju\wp-content\themes\bio-ju\header.php on line 79

2019-11-12T15:40:05+00:00 CRITICAL Uncaught Error: Call to a member function get_categories() on null in C:\xampp\htdocs\bio-ju\wp-content\themes\bio-ju\header.php:81
Stack trace:
#0 C:\xampp\htdocs\bio-ju\wp-includes\template.php(722): require_once()
#1 C:\xampp\htdocs\bio-ju\wp-includes\template.php(671): load_template('C:\\xampp\\htdocs...', true)
#2 C:\xampp\htdocs\bio-ju\wp-includes\general-template.php(41): locate_template(Array, true)
#3 C:\xampp\htdocs\bio-ju\wp-content\themes\bio-ju\page-rreth-nesh.php(2): get_header()
#4 C:\xampp\htdocs\bio-ju\wp-includes\template-loader.php(78): include('C:\\xampp\\htdocs...')
#5 C:\xampp\htdocs\bio-ju\wp-blog-header.php(19): require_once('C:\\xampp\\htdocs...')
#6 C:\xampp\htdocs\bio-ju\index.php(17): require('C:\\xampp\\htdocs...')
#7 {main}
  thrown in C:\xampp\htdocs\bio-ju\wp-content\themes\bio-ju\header.php on line 81

2019-11-12T15:40:06+00:00 CRITICAL Uncaught Error: Call to a member function get_categories() on null in C:\xampp\htdocs\bio-ju\wp-content\themes\bio-ju\header.php:81
Stack trace:
#0 C:\xampp\htdocs\bio-ju\wp-includes\template.php(722): require_once()
#1 C:\xampp\htdocs\bio-ju\wp-includes\template.php(671): load_template('C:\\xampp\\htdocs...', true)
#2 C:\xampp\htdocs\bio-ju\wp-includes\general-template.php(41): locate_template(Array, true)
#3 C:\xampp\htdocs\bio-ju\wp-content\themes\bio-ju\front-page.php(1): get_header()
#4 C:\xampp\htdocs\bio-ju\wp-includes\template-loader.php(78): include('C:\\xampp\\htdocs...')
#5 C:\xampp\htdocs\bio-ju\wp-blog-header.php(19): require_once('C:\\xampp\\htdocs...')
#6 C:\xampp\htdocs\bio-ju\index.php(17): require('C:\\xampp\\htdocs...')
#7 {main}
  thrown in C:\xampp\htdocs\bio-ju\wp-content\themes\bio-ju\header.php on line 81

2019-11-12T17:14:38+00:00 CRITICAL Maximum execution time of 30 seconds exceeded in C:\xampp\htdocs\bio-ju\wp-includes\Requests\Transport\cURL.php on line 163

2019-11-12T20:43:11+00:00 CRITICAL syntax error, unexpected '}', expecting end of file in C:\xampp\htdocs\bio-ju\wp-content\themes\bio-ju\functions.php on line 369

2019-11-12T20:43:12+00:00 CRITICAL syntax error, unexpected '}', expecting end of file in C:\xampp\htdocs\bio-ju\wp-content\themes\bio-ju\functions.php on line 369

2019-11-12T20:43:13+00:00 CRITICAL syntax error, unexpected '}', expecting end of file in C:\xampp\htdocs\bio-ju\wp-content\themes\bio-ju\functions.php on line 369

2019-11-12T20:43:14+00:00 CRITICAL syntax error, unexpected '}', expecting end of file in C:\xampp\htdocs\bio-ju\wp-content\themes\bio-ju\functions.php on line 369

