2019-11-05T10:05:16+00:00 CRITICAL Uncaught Error: Call to undefined method WC_Product_Simple::have_posts() in C:\xampp\htdocs\bio-ju\wp-content\themes\bio-ju\single.php:7
Stack trace:
#0 C:\xampp\htdocs\bio-ju\wp-includes\template-loader.php(78): include()
#1 C:\xampp\htdocs\bio-ju\wp-blog-header.php(19): require_once('C:\\xampp\\htdocs...')
#2 C:\xampp\htdocs\bio-ju\index.php(17): require('C:\\xampp\\htdocs...')
#3 {main}
  thrown in C:\xampp\htdocs\bio-ju\wp-content\themes\bio-ju\single.php on line 7

2019-11-05T10:05:28+00:00 CRITICAL Uncaught Error: Call to undefined method WC_Product_Simple::have_posts() in C:\xampp\htdocs\bio-ju\wp-content\themes\bio-ju\single.php:7
Stack trace:
#0 C:\xampp\htdocs\bio-ju\wp-includes\template-loader.php(78): include()
#1 C:\xampp\htdocs\bio-ju\wp-blog-header.php(19): require_once('C:\\xampp\\htdocs...')
#2 C:\xampp\htdocs\bio-ju\index.php(17): require('C:\\xampp\\htdocs...')
#3 {main}
  thrown in C:\xampp\htdocs\bio-ju\wp-content\themes\bio-ju\single.php on line 7

2019-11-05T10:06:46+00:00 CRITICAL Object of class WP_Query could not be converted to string in C:\xampp\htdocs\bio-ju\wp-content\themes\bio-ju\single.php on line 7

2019-11-05T10:09:14+00:00 CRITICAL Uncaught Error: Call to undefined method WC_Product_Simple::have_posts() in C:\xampp\htdocs\bio-ju\wp-content\themes\bio-ju\single.php:9
Stack trace:
#0 C:\xampp\htdocs\bio-ju\wp-includes\template-loader.php(78): include()
#1 C:\xampp\htdocs\bio-ju\wp-blog-header.php(19): require_once('C:\\xampp\\htdocs...')
#2 C:\xampp\htdocs\bio-ju\index.php(17): require('C:\\xampp\\htdocs...')
#3 {main}
  thrown in C:\xampp\htdocs\bio-ju\wp-content\themes\bio-ju\single.php on line 9

2019-11-05T13:50:58+00:00 CRITICAL Maximum execution time of 30 seconds exceeded in C:\xampp\htdocs\bio-ju\wp-admin\includes\class-wp-list-table.php on line 16

2019-11-05T13:50:58+00:00 CRITICAL Maximum execution time of 30 seconds exceeded in C:\xampp\htdocs\bio-ju\wp-includes\wp-db.php on line 2007

2019-11-05T13:50:58+00:00 CRITICAL Maximum execution time of 30 seconds exceeded in C:\xampp\htdocs\bio-ju\wp-admin\includes\user.php on line 16

2019-11-05T16:32:50+00:00 CRITICAL Maximum execution time of 30 seconds exceeded in C:\xampp\htdocs\bio-ju\wp-includes\widgets\class-wp-widget-meta.php on line 19

2019-11-05T18:15:11+00:00 CRITICAL syntax error, unexpected end of file in C:\xampp\htdocs\bio-ju\wp-content\themes\bio-ju\front-page.php on line 348

